<?xml version="1.0" encoding="UTF-8" ?>
<testsuite tests="53" failures="0" name="twalsh.rlg.ResponsiveLayoutGraphTest" time="0.528" errors="0" skipped="0">
  <properties>
[...]
</properties>
  <testcase classname="twalsh.rlg.ResponsiveLayoutGraphTest" name="testGetNodes" time="0.166"/>
  <testcase classname="twalsh.rlg.ResponsiveLayoutGraphTest" name="testSetNodes" time="0.005"/>
  <testcase classname="twalsh.rlg.ResponsiveLayoutGraphTest" name="testGetAlignments" time="0.003"/>
  <testcase classname="twalsh.rlg.ResponsiveLayoutGraphTest" name="testSetAlignments" time="0.003"/>
  <testcase classname="twalsh.rlg.ResponsiveLayoutGraphTest" name="testGetAlreadyGathered" time="0.003"/>
  <testcase classname="twalsh.rlg.ResponsiveLayoutGraphTest" name="testSetAlreadyGathered" time="0.004"/>
  <testcase classname="twalsh.rlg.ResponsiveLayoutGraphTest" name="decideBreakpointBothTrue" time="0.002"/>
  <testcase classname="twalsh.rlg.ResponsiveLayoutGraphTest" name="decideBreakpointTrueFalse" time="0.002"/>
  <testcase classname="twalsh.rlg.ResponsiveLayoutGraphTest" name="decideBreakpointTestElse" time="0.002"/>
  <testcase classname="twalsh.rlg.ResponsiveLayoutGraphTest" name="getEquationAllSame" time="0.004"/>
  <testcase classname="twalsh.rlg.ResponsiveLayoutGraphTest" name="getEquationGradientOne" time="0.003"/>
  <testcase classname="twalsh.rlg.ResponsiveLayoutGraphTest" name="getEquationGradientNotOne" time="0.003"/>
  <testcase classname="twalsh.rlg.ResponsiveLayoutGraphTest" name="bestFitAllSameUseAll" time="0.009"/>
  <testcase classname="twalsh.rlg.ResponsiveLayoutGraphTest" name="bestFitAllSameWithSplit" time="0.002"/>
  <testcase classname="twalsh.rlg.ResponsiveLayoutGraphTest" name="bestFitGradientOneUseAll" time="0.007"/>
  <testcase classname="twalsh.rlg.ResponsiveLayoutGraphTest" name="bestFitGradientOneWithSplit" time="0.003"/>
  <testcase classname="twalsh.rlg.ResponsiveLayoutGraphTest" name="matchValuesAllMatch" time="0.002"/>
  <testcase classname="twalsh.rlg.ResponsiveLayoutGraphTest" name="matchValuesBreaksOnFirst" time="0.001"/>
  <testcase classname="twalsh.rlg.ResponsiveLayoutGraphTest" name="matchValuesBreaksInMiddle" time="0.003"/>
  <testcase classname="twalsh.rlg.ResponsiveLayoutGraphTest" name="setUpVisCons" time="0.013"/>
  <testcase classname="twalsh.rlg.ResponsiveLayoutGraphTest" name="nodeMatchWithMatch" time="0.016"/>
  <testcase classname="twalsh.rlg.ResponsiveLayoutGraphTest" name="nodeMatchWithNoMatch" time="0.006"/>
  <testcase classname="twalsh.rlg.ResponsiveLayoutGraphTest" name="testAttachVisConsToNodes" time="0.002"/>
  <testcase classname="twalsh.rlg.ResponsiveLayoutGraphTest" name="testUpdateRemainingNodes" time="0.013"/>
  <testcase classname="twalsh.rlg.ResponsiveLayoutGraphTest" name="testUpdateAppearingNode" time="0.01"/>
  <testcase classname="twalsh.rlg.ResponsiveLayoutGraphTest" name="testUpdateDisappearingNode" time="0.003"/>
  <testcase classname="twalsh.rlg.ResponsiveLayoutGraphTest" name="setUpAlignmentCons" time="0.028"/>
  <testcase classname="twalsh.rlg.ResponsiveLayoutGraphTest" name="testCheckForEdgeMatchTrue" time="0.012"/>
  <testcase classname="twalsh.rlg.ResponsiveLayoutGraphTest" name="testCheckForEdgeMatchFlippedSibling" time="0.008"/>
  <testcase classname="twalsh.rlg.ResponsiveLayoutGraphTest" name="testCheckForEdgeMatchFalse" time="0.007"/>
  <testcase classname="twalsh.rlg.ResponsiveLayoutGraphTest" name="testUpdateRemainingEdges" time="0.033"/>
  <testcase classname="twalsh.rlg.ResponsiveLayoutGraphTest" name="testUpdateAppearingEdges" time="0.009"/>
  <testcase classname="twalsh.rlg.ResponsiveLayoutGraphTest" name="testDisappearingNodes" time="0.005"/>
  <testcase classname="twalsh.rlg.ResponsiveLayoutGraphTest" name="testAddParentConstraintsToNodes" time="0.009"/>
  <testcase classname="twalsh.rlg.ResponsiveLayoutGraphTest" name="testAddWidthConstraintsToNodes" time="0.003"/>
  <testcase classname="twalsh.rlg.ResponsiveLayoutGraphTest" name="testGetWidthsForConstraintsOneParent" time="0.003"/>
  <testcase classname="twalsh.rlg.ResponsiveLayoutGraphTest" name="testGetWidthsForConstraintsTwoParents" time="0.003"/>
  <testcase classname="twalsh.rlg.ResponsiveLayoutGraphTest" name="testPopulateWidthArrays" time="0.021"/>
  <testcase classname="twalsh.rlg.ResponsiveLayoutGraphTest" name="testFindAppearPointRecursiveBranch1NodeMatch" time="0.027"/>
  <testcase classname="twalsh.rlg.ResponsiveLayoutGraphTest" name="testFindAppearPointRecursiveBranch1NodeNoMatch" time="0.005"/>
  <testcase classname="twalsh.rlg.ResponsiveLayoutGraphTest" name="testFindAppearPointRecursiveBranch2ReturnMin" time="0.008"/>
  <testcase classname="twalsh.rlg.ResponsiveLayoutGraphTest" name="testFindAppearPointRecursiveBranch2ReturnMax" time="0.006"/>
  <testcase classname="twalsh.rlg.ResponsiveLayoutGraphTest" name="testFindAppearPointRecursiveBranch2ReturnMaxPlusOne" time="0.002"/>
  <testcase classname="twalsh.rlg.ResponsiveLayoutGraphTest" name="testFindDisappearPointRecursiveBranch1NodeMatch" time="0.005"/>
  <testcase classname="twalsh.rlg.ResponsiveLayoutGraphTest" name="testFindDisappearPointRecursiveBranch1NodeNoMatch" time="0.005"/>
  <testcase classname="twalsh.rlg.ResponsiveLayoutGraphTest" name="testFindDisappearPointRecursiveBranch2ReturnMin" time="0.004"/>
  <testcase classname="twalsh.rlg.ResponsiveLayoutGraphTest" name="testFindDisappearPointRecursiveBranch2ReturnMax" time="0.005"/>
  <testcase classname="twalsh.rlg.ResponsiveLayoutGraphTest" name="testFindDisappearPointRecursiveBranch2ReturnMaxPlusOne" time="0.004"/>
  <testcase classname="twalsh.rlg.ResponsiveLayoutGraphTest" name="testWidthBreakpointRecursiveTrue" time="0.006"/>
  <testcase classname="twalsh.rlg.ResponsiveLayoutGraphTest" name="testWidthBreakpointRecursiveFalse" time="0.005"/>
  <testcase classname="twalsh.rlg.ResponsiveLayoutGraphTest" name="testFindWidthBreakpointRecursiveBranch2ReturnMin" time="0.005"/>
  <testcase classname="twalsh.rlg.ResponsiveLayoutGraphTest" name="testFindWidthBreakpointRecursiveBranch2ReturnMax" time="0.005"/>
  <testcase classname="twalsh.rlg.ResponsiveLayoutGraphTest" name="testFindWidthBreakpointRecursiveBranch2ReturnMinMinusOne" time="0.005"/>
</testsuite>